# JRE version: Java(TM) SE Runtime Environment (8.0_201-b09) (build 1.8.0_201-b09)
# Java VM: Java HotSpot(TM) 64-Bit Server VM (25.201-b09 mixed mode linux-amd64 compressed oops)
Heap:
 PSYoungGen      total 387072K, used 44794K [0x00000000d5580000, 0x00000000f0a00000, 0x0000000100000000)
  eden space 336896K, 0% used [0x00000000d5580000,0x00000000d5580000,0x00000000e9e80000)
  from space 50176K, 89% used [0x00000000e9e80000,0x00000000eca3eb90,0x00000000ecf80000)
  to   space 44544K, 0% used [0x00000000ecf80000,0x00000000ecf80000,0x00000000efb00000)
 ParOldGen       total 204288K, used 72403K [0x0000000080000000, 0x000000008c780000, 0x00000000d5580000)
  object space 204288K, 35% used [0x0000000080000000,0x00000000846b4f08,0x000000008c780000)
 Metaspace       used 83217K, capacity 86816K, committed 87040K, reserved 1124352K
  class space    used 11417K, capacity 12235K, committed 12288K, reserved 1048576K
GC Heap History (10 events):
Event: 18.031 GC heap after
Heap after GC invocations=13 (full 3):
 PSYoungGen      total 262656K, used 19860K [0x00000000d5580000, 0x00000000e7900000, 0x0000000100000000)
  eden space 242688K, 0% used [0x00000000d5580000,0x00000000d5580000,0x00000000e4280000)
  from space 19968K, 99% used [0x00000000e6580000,0x00000000e78e5100,0x00000000e7900000)
  to   space 27648K, 0% used [0x00000000e4300000,0x00000000e4300000,0x00000000e5e00000)
 ParOldGen       total 204288K, used 48735K [0x0000000080000000, 0x000000008c780000, 0x00000000d5580000)
  object space 204288K, 23% used [0x0000000080000000,0x0000000082f97f48,0x000000008c780000)
 Metaspace       used 67924K, capacity 70606K, committed 70912K, reserved 1110016K
  class space    used 9585K, capacity 10178K, committed 10240K, reserved 1048576K
}
Event: 22.451 GC heap before
{Heap before GC invocations=14 (full 3):
 PSYoungGen      total 262656K, used 262548K [0x00000000d5580000, 0x00000000e7900000, 0x0000000100000000)
  eden space 242688K, 100% used [0x00000000d5580000,0x00000000e4280000,0x00000000e4280000)
  from space 19968K, 99% used [0x00000000e6580000,0x00000000e78e5100,0x00000000e7900000)
  to   space 27648K, 0% used [0x00000000e4300000,0x00000000e4300000,0x00000000e5e00000)
 ParOldGen       total 204288K, used 48735K [0x0000000080000000, 0x000000008c780000, 0x00000000d5580000)
  object space 204288K, 23% used [0x0000000080000000,0x0000000082f97f48,0x000000008c780000)
 Metaspace       used 70400K, capacity 73524K, committed 73856K, reserved 1112064K
  class space    used 9842K, capacity 10543K, committed 10624K, reserved 1048576K
Event: 22.482 GC heap after
Heap after GC invocations=14 (full 3):
 PSYoungGen      total 270848K, used 24192K [0x00000000d5580000, 0x00000000ea980000, 0x0000000100000000)
  eden space 243200K, 0% used [0x00000000d5580000,0x00000000d5580000,0x00000000e4300000)
  from space 27648K, 87% used [0x00000000e4300000,0x00000000e5aa0088,0x00000000e5e00000)
  to   space 30208K, 0% used [0x00000000e8c00000,0x00000000e8c00000,0x00000000ea980000)
 ParOldGen       total 204288K, used 48743K [0x0000000080000000, 0x000000008c780000, 0x00000000d5580000)
  object space 204288K, 23% used [0x0000000080000000,0x0000000082f99f48,0x000000008c780000)
 Metaspace       used 70400K, capacity 73524K, committed 73856K, reserved 1112064K
  class space    used 9842K, capacity 10543K, committed 10624K, reserved 1048576K
}
Event: 33.200 GC heap before
{Heap before GC invocations=15 (full 3):
 PSYoungGen      total 270848K, used 267392K [0x00000000d5580000, 0x00000000ea980000, 0x0000000100000000)
  eden space 243200K, 100% used [0x00000000d5580000,0x00000000e4300000,0x00000000e4300000)
  from space 27648K, 87% used [0x00000000e4300000,0x00000000e5aa0088,0x00000000e5e00000)
  to   space 30208K, 0% used [0x00000000e8c00000,0x00000000e8c00000,0x00000000ea980000)
 ParOldGen       total 204288K, used 48743K [0x0000000080000000, 0x000000008c780000, 0x00000000d5580000)
  object space 204288K, 23% used [0x0000000080000000,0x0000000082f99f48,0x000000008c780000)
 Metaspace       used 71157K, capacity 74278K, committed 74368K, reserved 1114112K
  class space    used 9898K, capacity 10590K, committed 10624K, reserved 1048576K
Event: 33.238 GC heap after
Heap after GC invocations=15 (full 3):
 PSYoungGen      total 312320K, used 30194K [0x00000000d5580000, 0x00000000eaf00000, 0x0000000100000000)
  eden space 282112K, 0% used [0x00000000d5580000,0x00000000d5580000,0x00000000e6900000)
  from space 30208K, 99% used [0x00000000e8c00000,0x00000000ea97c9c0,0x00000000ea980000)
  to   space 35840K, 0% used [0x00000000e6900000,0x00000000e6900000,0x00000000e8c00000)
 ParOldGen       total 204288K, used 52877K [0x0000000080000000, 0x000000008c780000, 0x00000000d5580000)
  object space 204288K, 25% used [0x0000000080000000,0x00000000833a3708,0x000000008c780000)
 Metaspace       used 71157K, capacity 74278K, committed 74368K, reserved 1114112K
  class space    used 9898K, capacity 10590K, committed 10624K, reserved 1048576K
}
Event: 36.232 GC heap before
{Heap before GC invocations=16 (full 3):
 PSYoungGen      total 312320K, used 312306K [0x00000000d5580000, 0x00000000eaf00000, 0x0000000100000000)
  eden space 282112K, 100% used [0x00000000d5580000,0x00000000e6900000,0x00000000e6900000)
  from space 30208K, 99% used [0x00000000e8c00000,0x00000000ea97c9c0,0x00000000ea980000)
  to   space 35840K, 0% used [0x00000000e6900000,0x00000000e6900000,0x00000000e8c00000)
 ParOldGen       total 204288K, used 52877K [0x0000000080000000, 0x000000008c780000, 0x00000000d5580000)
  object space 204288K, 25% used [0x0000000080000000,0x00000000833a3708,0x000000008c780000)
 Metaspace       used 71860K, capacity 75044K, committed 75264K, reserved 1114112K
  class space    used 10003K, capacity 10675K, committed 10752K, reserved 1048576K
Event: 36.353 GC heap after
Heap after GC invocations=16 (full 3):
 PSYoungGen      total 317952K, used 35809K [0x00000000d5580000, 0x00000000efb00000, 0x0000000100000000)
  eden space 282112K, 0% used [0x00000000d5580000,0x00000000d5580000,0x00000000e6900000)
  from space 35840K, 99% used [0x00000000e6900000,0x00000000e8bf8678,0x00000000e8c00000)
  to   space 44544K, 0% used [0x00000000ecf80000,0x00000000ecf80000,0x00000000efb00000)
 ParOldGen       total 204288K, used 61658K [0x0000000080000000, 0x000000008c780000, 0x00000000d5580000)
  object space 204288K, 30% used [0x0000000080000000,0x0000000083c36b78,0x000000008c780000)
 Metaspace       used 71860K, capacity 75044K, committed 75264K, reserved 1114112K
  class space    used 10003K, capacity 10675K, committed 10752K, reserved 1048576K
}
Event: 40.997 GC heap before
{Heap before GC invocations=17 (full 3):
 PSYoungGen      total 317952K, used 317921K [0x00000000d5580000, 0x00000000efb00000, 0x0000000100000000)
  eden space 282112K, 100% used [0x00000000d5580000,0x00000000e6900000,0x00000000e6900000)
  from space 35840K, 99% used [0x00000000e6900000,0x00000000e8bf8678,0x00000000e8c00000)
  to   space 44544K, 0% used [0x00000000ecf80000,0x00000000ecf80000,0x00000000efb00000)
 ParOldGen       total 204288K, used 61658K [0x0000000080000000, 0x000000008c780000, 0x00000000d5580000)
  object space 204288K, 30% used [0x0000000080000000,0x0000000083c36b78,0x000000008c780000)
 Metaspace       used 78012K, capacity 81446K, committed 81536K, reserved 1120256K
  class space    used 10860K, capacity 11565K, committed 11648K, reserved 1048576K
Event: 41.125 GC heap after
Heap after GC invocations=17 (full 3):
 PSYoungGen      total 381440K, used 41167K [0x00000000d5580000, 0x00000000f0a00000, 0x0000000100000000)
  eden space 336896K, 0% used [0x00000000d5580000,0x00000000d5580000,0x00000000e9e80000)
  from space 44544K, 92% used [0x00000000ecf80000,0x00000000ef7b3f78,0x00000000efb00000)
  to   space 50176K, 0% used [0x00000000e9e80000,0x00000000e9e80000,0x00000000ecf80000)
 ParOldGen       total 204288K, used 72395K [0x0000000080000000, 0x000000008c780000, 0x00000000d5580000)
  object space 204288K, 35% used [0x0000000080000000,0x00000000846b2f08,0x000000008c780000)
 Metaspace       used 78012K, capacity 81446K, committed 81536K, reserved 1120256K
  class space    used 10860K, capacity 11565K, committed 11648K, reserved 1048576K
}
Event: 46.887 GC heap before
{Heap before GC invocations=18 (full 3):
 PSYoungGen      total 381440K, used 378063K [0x00000000d5580000, 0x00000000f0a00000, 0x0000000100000000)
  eden space 336896K, 100% used [0x00000000d5580000,0x00000000e9e80000,0x00000000e9e80000)
  from space 44544K, 92% used [0x00000000ecf80000,0x00000000ef7b3f78,0x00000000efb00000)
  to   space 50176K, 0% used [0x00000000e9e80000,0x00000000e9e80000,0x00000000ecf80000)
 ParOldGen       total 204288K, used 72395K [0x0000000080000000, 0x000000008c780000, 0x00000000d5580000)
  object space 204288K, 35% used [0x0000000080000000,0x00000000846b2f08,0x000000008c780000)
 Metaspace       used 83217K, capacity 86816K, committed 87040K, reserved 1124352K
  class space    used 11417K, capacity 12235K, committed 12288K, reserved 1048576K

